2024-04-03T13:05:13.639+07:00  INFO 17808 --- [SpringApplicationShutdownHook] j.LocalContainerEntityManagerFactoryBean : Closing JPA EntityManagerFactory for persistence unit 'default'
2024-04-03T13:05:13.646+07:00  INFO 17808 --- [SpringApplicationShutdownHook] com.zaxxer.hikari.HikariDataSource       : HikariPool-1 - Shutdown initiated...
2024-04-03T13:05:13.657+07:00  INFO 17808 --- [SpringApplicationShutdownHook] com.zaxxer.hikari.HikariDataSource       : HikariPool-1 - Shutdown completed.
2024-04-03T13:05:16.799+07:00  INFO 25868 --- [restartedMain] c.shopme.admin.ShopmeBackEndApplication  : Starting ShopmeBackEndApplication using Java 21.0.1 with PID 25868 (D:\Study\Code\ShopmeProject\shopme\ShopmeWebParent\ShopmeBackEnd\target\classes started by Admin in D:\Study\Code\ShopmeProject\shopme\ShopmeWebParent\ShopmeBackEnd)
2024-04-03T13:05:16.802+07:00  INFO 25868 --- [restartedMain] c.shopme.admin.ShopmeBackEndApplication  : No active profile set, falling back to 1 default profile: "default"
2024-04-03T13:05:16.860+07:00  INFO 25868 --- [restartedMain] .e.DevToolsPropertyDefaultsPostProcessor : Devtools property defaults active! Set 'spring.devtools.add-properties' to 'false' to disable
2024-04-03T13:05:16.861+07:00  INFO 25868 --- [restartedMain] .e.DevToolsPropertyDefaultsPostProcessor : For additional web related logging consider setting the 'logging.level.web' property to 'DEBUG'
2024-04-03T13:05:17.622+07:00  INFO 25868 --- [restartedMain] .s.d.r.c.RepositoryConfigurationDelegate : Bootstrapping Spring Data JPA repositories in DEFAULT mode.
2024-04-03T13:05:17.680+07:00  INFO 25868 --- [restartedMain] .s.d.r.c.RepositoryConfigurationDelegate : Finished Spring Data repository scanning in 52 ms. Found 2 JPA repository interfaces.
2024-04-03T13:05:18.320+07:00  INFO 25868 --- [restartedMain] o.s.b.w.embedded.tomcat.TomcatWebServer  : Tomcat initialized with port 8080 (http)
2024-04-03T13:05:18.329+07:00  INFO 25868 --- [restartedMain] o.apache.catalina.core.StandardService   : Starting service [Tomcat]
2024-04-03T13:05:18.330+07:00  INFO 25868 --- [restartedMain] o.apache.catalina.core.StandardEngine    : Starting Servlet engine: [Apache Tomcat/10.1.16]
2024-04-03T13:05:18.382+07:00  INFO 25868 --- [restartedMain] o.a.c.c.C.[.[localhost].[/ShopmeAdmin]   : Initializing Spring embedded WebApplicationContext
2024-04-03T13:05:18.382+07:00  INFO 25868 --- [restartedMain] w.s.c.ServletWebServerApplicationContext : Root WebApplicationContext: initialization completed in 1521 ms
2024-04-03T13:05:18.540+07:00  INFO 25868 --- [restartedMain] o.hibernate.jpa.internal.util.LogHelper  : HHH000204: Processing PersistenceUnitInfo [name: default]
2024-04-03T13:05:18.597+07:00  INFO 25868 --- [restartedMain] org.hibernate.Version                    : HHH000412: Hibernate ORM core version 6.3.1.Final
2024-04-03T13:05:18.632+07:00  INFO 25868 --- [restartedMain] o.h.c.internal.RegionFactoryInitiator    : HHH000026: Second-level cache disabled
2024-04-03T13:05:18.865+07:00  INFO 25868 --- [restartedMain] o.s.o.j.p.SpringPersistenceUnitInfo      : No LoadTimeWeaver setup: ignoring JPA class transformer
2024-04-03T13:05:18.890+07:00  INFO 25868 --- [restartedMain] com.zaxxer.hikari.HikariDataSource       : HikariPool-1 - Starting...
2024-04-03T13:05:19.193+07:00  INFO 25868 --- [restartedMain] com.zaxxer.hikari.pool.HikariPool        : HikariPool-1 - Added connection com.mysql.cj.jdbc.ConnectionImpl@2e0ee4bb
2024-04-03T13:05:19.194+07:00  INFO 25868 --- [restartedMain] com.zaxxer.hikari.HikariDataSource       : HikariPool-1 - Start completed.
2024-04-03T13:05:19.242+07:00  WARN 25868 --- [restartedMain] org.hibernate.orm.deprecation            : HHH90000025: MySQL8Dialect does not need to be specified explicitly using 'hibernate.dialect' (remove the property setting and it will be selected by default)
2024-04-03T13:05:19.243+07:00  WARN 25868 --- [restartedMain] org.hibernate.orm.deprecation            : HHH90000026: MySQL8Dialect has been deprecated; use org.hibernate.dialect.MySQLDialect instead
2024-04-03T13:05:20.196+07:00  INFO 25868 --- [restartedMain] o.h.e.t.j.p.i.JtaPlatformInitiator       : HHH000489: No JTA platform available (set 'hibernate.transaction.jta.platform' to enable JTA platform integration)
2024-04-03T13:05:20.290+07:00  INFO 25868 --- [restartedMain] j.LocalContainerEntityManagerFactoryBean : Initialized JPA EntityManagerFactory for persistence unit 'default'
2024-04-03T13:05:20.554+07:00  INFO 25868 --- [restartedMain] o.s.d.j.r.query.QueryEnhancerFactory     : Hibernate is in classpath; If applicable, HQL parser will be used.
2024-04-03T13:05:21.283+07:00  WARN 25868 --- [restartedMain] JpaBaseConfiguration$JpaWebConfiguration : spring.jpa.open-in-view is enabled by default. Therefore, database queries may be performed during view rendering. Explicitly configure spring.jpa.open-in-view to disable this warning
2024-04-03T13:05:21.396+07:00  INFO 25868 --- [restartedMain] o.s.b.a.w.s.WelcomePageHandlerMapping    : Adding welcome page template: index
2024-04-03T13:05:21.851+07:00  INFO 25868 --- [restartedMain] o.s.s.web.DefaultSecurityFilterChain     : Will secure any request with [org.springframework.security.web.session.DisableEncodeUrlFilter@7a3f1c25, org.springframework.security.web.context.request.async.WebAsyncManagerIntegrationFilter@792c316f, org.springframework.security.web.context.SecurityContextHolderFilter@5b6bb216, org.springframework.security.web.header.HeaderWriterFilter@70f076cb, org.springframework.web.filter.CorsFilter@6209b552, org.springframework.security.web.csrf.CsrfFilter@1b45b7e7, org.springframework.security.web.authentication.logout.LogoutFilter@5ebfa8e5, org.springframework.security.web.authentication.UsernamePasswordAuthenticationFilter@26c33bb4, org.springframework.security.web.savedrequest.RequestCacheAwareFilter@77d20b95, org.springframework.security.web.servletapi.SecurityContextHolderAwareRequestFilter@17552898, org.springframework.security.web.authentication.rememberme.RememberMeAuthenticationFilter@21575d2d, org.springframework.security.web.authentication.AnonymousAuthenticationFilter@532be363, org.springframework.security.web.access.ExceptionTranslationFilter@14842e11, org.springframework.security.web.access.intercept.AuthorizationFilter@59c7bd4b]
2024-04-03T13:05:21.856+07:00  WARN 25868 --- [restartedMain] o.s.s.c.a.web.builders.WebSecurity       : You are asking Spring Security to ignore Mvc [pattern='/images/**']. This is not recommended -- please use permitAll via HttpSecurity#authorizeHttpRequests instead.
2024-04-03T13:05:21.856+07:00  INFO 25868 --- [restartedMain] o.s.s.web.DefaultSecurityFilterChain     : Will not secure Mvc [pattern='/images/**']
2024-04-03T13:05:21.856+07:00  WARN 25868 --- [restartedMain] o.s.s.c.a.web.builders.WebSecurity       : You are asking Spring Security to ignore Mvc [pattern='/js/**']. This is not recommended -- please use permitAll via HttpSecurity#authorizeHttpRequests instead.
2024-04-03T13:05:21.856+07:00  INFO 25868 --- [restartedMain] o.s.s.web.DefaultSecurityFilterChain     : Will not secure Mvc [pattern='/js/**']
2024-04-03T13:05:21.856+07:00  WARN 25868 --- [restartedMain] o.s.s.c.a.web.builders.WebSecurity       : You are asking Spring Security to ignore Mvc [pattern='/webjars/**']. This is not recommended -- please use permitAll via HttpSecurity#authorizeHttpRequests instead.
2024-04-03T13:05:21.856+07:00  INFO 25868 --- [restartedMain] o.s.s.web.DefaultSecurityFilterChain     : Will not secure Mvc [pattern='/webjars/**']
2024-04-03T13:05:22.077+07:00  INFO 25868 --- [restartedMain] o.s.b.d.a.OptionalLiveReloadServer       : LiveReload server is running on port 35729
2024-04-03T13:05:22.119+07:00  INFO 25868 --- [restartedMain] o.s.b.w.embedded.tomcat.TomcatWebServer  : Tomcat started on port 8080 (http) with context path '/ShopmeAdmin'
2024-04-03T13:05:22.126+07:00  INFO 25868 --- [restartedMain] c.shopme.admin.ShopmeBackEndApplication  : Started ShopmeBackEndApplication in 5.778 seconds (process running for 6.874)
2024-04-03T13:05:29.971+07:00  INFO 25868 --- [SpringApplicationShutdownHook] j.LocalContainerEntityManagerFactoryBean : Closing JPA EntityManagerFactory for persistence unit 'default'
2024-04-03T13:05:29.974+07:00  INFO 25868 --- [SpringApplicationShutdownHook] com.zaxxer.hikari.HikariDataSource       : HikariPool-1 - Shutdown initiated...
2024-04-03T13:05:29.982+07:00  INFO 25868 --- [SpringApplicationShutdownHook] com.zaxxer.hikari.HikariDataSource       : HikariPool-1 - Shutdown completed.
2024-04-03T13:05:37.370+07:00  INFO 30092 --- [restartedMain] c.shopme.admin.ShopmeBackEndApplication  : Starting ShopmeBackEndApplication using Java 21.0.1 with PID 30092 (D:\Study\Code\ShopmeProject\shopme\ShopmeWebParent\ShopmeBackEnd\target\classes started by Admin in D:\Study\Code\ShopmeProject\shopme\ShopmeWebParent\ShopmeBackEnd)
2024-04-03T13:05:37.372+07:00  INFO 30092 --- [restartedMain] c.shopme.admin.ShopmeBackEndApplication  : No active profile set, falling back to 1 default profile: "default"
2024-04-03T13:05:37.422+07:00  INFO 30092 --- [restartedMain] .e.DevToolsPropertyDefaultsPostProcessor : Devtools property defaults active! Set 'spring.devtools.add-properties' to 'false' to disable
2024-04-03T13:05:37.422+07:00  INFO 30092 --- [restartedMain] .e.DevToolsPropertyDefaultsPostProcessor : For additional web related logging consider setting the 'logging.level.web' property to 'DEBUG'
2024-04-03T13:05:38.339+07:00  INFO 30092 --- [restartedMain] .s.d.r.c.RepositoryConfigurationDelegate : Bootstrapping Spring Data JPA repositories in DEFAULT mode.
2024-04-03T13:05:38.405+07:00  INFO 30092 --- [restartedMain] .s.d.r.c.RepositoryConfigurationDelegate : Finished Spring Data repository scanning in 59 ms. Found 2 JPA repository interfaces.
2024-04-03T13:05:39.064+07:00  INFO 30092 --- [restartedMain] o.s.b.w.embedded.tomcat.TomcatWebServer  : Tomcat initialized with port 8080 (http)
2024-04-03T13:05:39.073+07:00  INFO 30092 --- [restartedMain] o.apache.catalina.core.StandardService   : Starting service [Tomcat]
2024-04-03T13:05:39.073+07:00  INFO 30092 --- [restartedMain] o.apache.catalina.core.StandardEngine    : Starting Servlet engine: [Apache Tomcat/10.1.16]
2024-04-03T13:05:39.145+07:00  INFO 30092 --- [restartedMain] o.a.c.c.C.[.[localhost].[/ShopmeAdmin]   : Initializing Spring embedded WebApplicationContext
2024-04-03T13:05:39.147+07:00  INFO 30092 --- [restartedMain] w.s.c.ServletWebServerApplicationContext : Root WebApplicationContext: initialization completed in 1724 ms
2024-04-03T13:05:39.363+07:00  INFO 30092 --- [restartedMain] o.hibernate.jpa.internal.util.LogHelper  : HHH000204: Processing PersistenceUnitInfo [name: default]
2024-04-03T13:05:39.419+07:00  INFO 30092 --- [restartedMain] org.hibernate.Version                    : HHH000412: Hibernate ORM core version 6.3.1.Final
2024-04-03T13:05:39.453+07:00  INFO 30092 --- [restartedMain] o.h.c.internal.RegionFactoryInitiator    : HHH000026: Second-level cache disabled
2024-04-03T13:05:39.720+07:00  INFO 30092 --- [restartedMain] o.s.o.j.p.SpringPersistenceUnitInfo      : No LoadTimeWeaver setup: ignoring JPA class transformer
2024-04-03T13:05:39.745+07:00  INFO 30092 --- [restartedMain] com.zaxxer.hikari.HikariDataSource       : HikariPool-1 - Starting...
2024-04-03T13:05:40.030+07:00  INFO 30092 --- [restartedMain] com.zaxxer.hikari.pool.HikariPool        : HikariPool-1 - Added connection com.mysql.cj.jdbc.ConnectionImpl@7f27858f
2024-04-03T13:05:40.033+07:00  INFO 30092 --- [restartedMain] com.zaxxer.hikari.HikariDataSource       : HikariPool-1 - Start completed.
2024-04-03T13:05:40.070+07:00  WARN 30092 --- [restartedMain] org.hibernate.orm.deprecation            : HHH90000025: MySQL8Dialect does not need to be specified explicitly using 'hibernate.dialect' (remove the property setting and it will be selected by default)
2024-04-03T13:05:40.071+07:00  WARN 30092 --- [restartedMain] org.hibernate.orm.deprecation            : HHH90000026: MySQL8Dialect has been deprecated; use org.hibernate.dialect.MySQLDialect instead
2024-04-03T13:05:40.949+07:00  INFO 30092 --- [restartedMain] o.h.e.t.j.p.i.JtaPlatformInitiator       : HHH000489: No JTA platform available (set 'hibernate.transaction.jta.platform' to enable JTA platform integration)
2024-04-03T13:05:41.029+07:00  INFO 30092 --- [restartedMain] j.LocalContainerEntityManagerFactoryBean : Initialized JPA EntityManagerFactory for persistence unit 'default'
2024-04-03T13:05:41.261+07:00  INFO 30092 --- [restartedMain] o.s.d.j.r.query.QueryEnhancerFactory     : Hibernate is in classpath; If applicable, HQL parser will be used.
2024-04-03T13:05:41.844+07:00  WARN 30092 --- [restartedMain] JpaBaseConfiguration$JpaWebConfiguration : spring.jpa.open-in-view is enabled by default. Therefore, database queries may be performed during view rendering. Explicitly configure spring.jpa.open-in-view to disable this warning
2024-04-03T13:05:41.944+07:00  INFO 30092 --- [restartedMain] o.s.b.a.w.s.WelcomePageHandlerMapping    : Adding welcome page template: index
2024-04-03T13:05:42.341+07:00  INFO 30092 --- [restartedMain] o.s.s.web.DefaultSecurityFilterChain     : Will secure any request with [org.springframework.security.web.session.DisableEncodeUrlFilter@5c253802, org.springframework.security.web.context.request.async.WebAsyncManagerIntegrationFilter@2e0c3194, org.springframework.security.web.context.SecurityContextHolderFilter@4e660599, org.springframework.security.web.header.HeaderWriterFilter@1ce17275, org.springframework.web.filter.CorsFilter@3308ea70, org.springframework.security.web.csrf.CsrfFilter@43b48175, org.springframework.security.web.authentication.logout.LogoutFilter@43ac785f, org.springframework.security.web.authentication.UsernamePasswordAuthenticationFilter@fa613ab, org.springframework.security.web.savedrequest.RequestCacheAwareFilter@3c52a58c, org.springframework.security.web.servletapi.SecurityContextHolderAwareRequestFilter@4a6aff31, org.springframework.security.web.authentication.rememberme.RememberMeAuthenticationFilter@2ba6d7e2, org.springframework.security.web.authentication.AnonymousAuthenticationFilter@5ae49d73, org.springframework.security.web.access.ExceptionTranslationFilter@4ffb5fd3, org.springframework.security.web.access.intercept.AuthorizationFilter@40c111d9]
2024-04-03T13:05:42.343+07:00  WARN 30092 --- [restartedMain] o.s.s.c.a.web.builders.WebSecurity       : You are asking Spring Security to ignore Mvc [pattern='/images/**']. This is not recommended -- please use permitAll via HttpSecurity#authorizeHttpRequests instead.
2024-04-03T13:05:42.343+07:00  INFO 30092 --- [restartedMain] o.s.s.web.DefaultSecurityFilterChain     : Will not secure Mvc [pattern='/images/**']
2024-04-03T13:05:42.343+07:00  WARN 30092 --- [restartedMain] o.s.s.c.a.web.builders.WebSecurity       : You are asking Spring Security to ignore Mvc [pattern='/js/**']. This is not recommended -- please use permitAll via HttpSecurity#authorizeHttpRequests instead.
2024-04-03T13:05:42.344+07:00  INFO 30092 --- [restartedMain] o.s.s.web.DefaultSecurityFilterChain     : Will not secure Mvc [pattern='/js/**']
2024-04-03T13:05:42.344+07:00  WARN 30092 --- [restartedMain] o.s.s.c.a.web.builders.WebSecurity       : You are asking Spring Security to ignore Mvc [pattern='/webjars/**']. This is not recommended -- please use permitAll via HttpSecurity#authorizeHttpRequests instead.
2024-04-03T13:05:42.344+07:00  INFO 30092 --- [restartedMain] o.s.s.web.DefaultSecurityFilterChain     : Will not secure Mvc [pattern='/webjars/**']
2024-04-03T13:05:42.548+07:00  INFO 30092 --- [restartedMain] o.s.b.d.a.OptionalLiveReloadServer       : LiveReload server is running on port 35729
2024-04-03T13:05:42.591+07:00  INFO 30092 --- [restartedMain] o.s.b.w.embedded.tomcat.TomcatWebServer  : Tomcat started on port 8080 (http) with context path '/ShopmeAdmin'
2024-04-03T13:05:42.598+07:00  INFO 30092 --- [restartedMain] c.shopme.admin.ShopmeBackEndApplication  : Started ShopmeBackEndApplication in 5.678 seconds (process running for 6.526)
2024-04-02T13:06:39.343+07:00  INFO 30092 --- [SpringApplicationShutdownHook] j.LocalContainerEntityManagerFactoryBean : Closing JPA EntityManagerFactory for persistence unit 'default'
2024-04-02T13:06:39.368+07:00  INFO 30092 --- [SpringApplicationShutdownHook] com.zaxxer.hikari.HikariDataSource       : HikariPool-1 - Shutdown initiated...
2024-04-02T13:06:39.376+07:00  INFO 30092 --- [SpringApplicationShutdownHook] com.zaxxer.hikari.HikariDataSource       : HikariPool-1 - Shutdown completed.
2024-04-02T13:09:57.068+07:00  INFO 5244 --- [restartedMain] c.shopme.admin.ShopmeBackEndApplication  : Starting ShopmeBackEndApplication using Java 21.0.1 with PID 5244 (D:\Study\Code\ShopmeProject\shopme\ShopmeWebParent\ShopmeBackEnd\target\classes started by Admin in D:\Study\Code\ShopmeProject\shopme\ShopmeWebParent\ShopmeBackEnd)
2024-04-02T13:09:57.071+07:00  INFO 5244 --- [restartedMain] c.shopme.admin.ShopmeBackEndApplication  : No active profile set, falling back to 1 default profile: "default"
2024-04-02T13:09:57.131+07:00  INFO 5244 --- [restartedMain] .e.DevToolsPropertyDefaultsPostProcessor : Devtools property defaults active! Set 'spring.devtools.add-properties' to 'false' to disable
2024-04-02T13:09:57.132+07:00  INFO 5244 --- [restartedMain] .e.DevToolsPropertyDefaultsPostProcessor : For additional web related logging consider setting the 'logging.level.web' property to 'DEBUG'
2024-04-02T13:09:58.039+07:00  INFO 5244 --- [restartedMain] .s.d.r.c.RepositoryConfigurationDelegate : Bootstrapping Spring Data JPA repositories in DEFAULT mode.
2024-04-02T13:09:58.114+07:00  INFO 5244 --- [restartedMain] .s.d.r.c.RepositoryConfigurationDelegate : Finished Spring Data repository scanning in 64 ms. Found 2 JPA repository interfaces.
2024-04-02T13:09:58.835+07:00  INFO 5244 --- [restartedMain] o.s.b.w.embedded.tomcat.TomcatWebServer  : Tomcat initialized with port 8080 (http)
2024-04-02T13:09:58.848+07:00  INFO 5244 --- [restartedMain] o.apache.catalina.core.StandardService   : Starting service [Tomcat]
2024-04-02T13:09:58.849+07:00  INFO 5244 --- [restartedMain] o.apache.catalina.core.StandardEngine    : Starting Servlet engine: [Apache Tomcat/10.1.16]
2024-04-02T13:09:58.902+07:00  INFO 5244 --- [restartedMain] o.a.c.c.C.[.[localhost].[/ShopmeAdmin]   : Initializing Spring embedded WebApplicationContext
2024-04-02T13:09:58.902+07:00  INFO 5244 --- [restartedMain] w.s.c.ServletWebServerApplicationContext : Root WebApplicationContext: initialization completed in 1770 ms
2024-04-02T13:09:59.096+07:00  INFO 5244 --- [restartedMain] o.hibernate.jpa.internal.util.LogHelper  : HHH000204: Processing PersistenceUnitInfo [name: default]
2024-04-02T13:09:59.154+07:00  INFO 5244 --- [restartedMain] org.hibernate.Version                    : HHH000412: Hibernate ORM core version 6.3.1.Final
2024-04-02T13:09:59.187+07:00  INFO 5244 --- [restartedMain] o.h.c.internal.RegionFactoryInitiator    : HHH000026: Second-level cache disabled
2024-04-02T13:09:59.727+07:00  INFO 5244 --- [restartedMain] o.s.o.j.p.SpringPersistenceUnitInfo      : No LoadTimeWeaver setup: ignoring JPA class transformer
2024-04-02T13:09:59.786+07:00  INFO 5244 --- [restartedMain] com.zaxxer.hikari.HikariDataSource       : HikariPool-1 - Starting...
2024-04-02T13:10:00.241+07:00  INFO 5244 --- [restartedMain] com.zaxxer.hikari.pool.HikariPool        : HikariPool-1 - Added connection com.mysql.cj.jdbc.ConnectionImpl@abc64ba
2024-04-02T13:10:00.242+07:00  INFO 5244 --- [restartedMain] com.zaxxer.hikari.HikariDataSource       : HikariPool-1 - Start completed.
2024-04-02T13:10:00.301+07:00  WARN 5244 --- [restartedMain] org.hibernate.orm.deprecation            : HHH90000025: MySQL8Dialect does not need to be specified explicitly using 'hibernate.dialect' (remove the property setting and it will be selected by default)
2024-04-02T13:10:00.304+07:00  WARN 5244 --- [restartedMain] org.hibernate.orm.deprecation            : HHH90000026: MySQL8Dialect has been deprecated; use org.hibernate.dialect.MySQLDialect instead
2024-04-02T13:10:01.609+07:00  INFO 5244 --- [restartedMain] o.h.e.t.j.p.i.JtaPlatformInitiator       : HHH000489: No JTA platform available (set 'hibernate.transaction.jta.platform' to enable JTA platform integration)
2024-04-02T13:10:01.719+07:00  INFO 5244 --- [restartedMain] j.LocalContainerEntityManagerFactoryBean : Initialized JPA EntityManagerFactory for persistence unit 'default'
2024-04-02T13:10:02.098+07:00  INFO 5244 --- [restartedMain] o.s.d.j.r.query.QueryEnhancerFactory     : Hibernate is in classpath; If applicable, HQL parser will be used.
2024-04-02T13:10:02.968+07:00  WARN 5244 --- [restartedMain] JpaBaseConfiguration$JpaWebConfiguration : spring.jpa.open-in-view is enabled by default. Therefore, database queries may be performed during view rendering. Explicitly configure spring.jpa.open-in-view to disable this warning
2024-04-02T13:10:03.112+07:00  INFO 5244 --- [restartedMain] o.s.b.a.w.s.WelcomePageHandlerMapping    : Adding welcome page template: index
2024-04-02T13:10:03.761+07:00  INFO 5244 --- [restartedMain] o.s.s.web.DefaultSecurityFilterChain     : Will secure any request with [org.springframework.security.web.session.DisableEncodeUrlFilter@2c8a7e31, org.springframework.security.web.context.request.async.WebAsyncManagerIntegrationFilter@6289240f, org.springframework.security.web.context.SecurityContextHolderFilter@42406bc6, org.springframework.security.web.header.HeaderWriterFilter@59e26fa6, org.springframework.web.filter.CorsFilter@7cda1c16, org.springframework.security.web.csrf.CsrfFilter@4a8b1cde, org.springframework.security.web.authentication.logout.LogoutFilter@6502c4ad, org.springframework.security.web.authentication.UsernamePasswordAuthenticationFilter@62c367df, org.springframework.security.web.savedrequest.RequestCacheAwareFilter@68cf030a, org.springframework.security.web.servletapi.SecurityContextHolderAwareRequestFilter@14842e11, org.springframework.security.web.authentication.rememberme.RememberMeAuthenticationFilter@1d4071b1, org.springframework.security.web.authentication.AnonymousAuthenticationFilter@59c7bd4b, org.springframework.security.web.access.ExceptionTranslationFilter@131bffa2, org.springframework.security.web.access.intercept.AuthorizationFilter@71573a3b]
2024-04-02T13:10:03.769+07:00  WARN 5244 --- [restartedMain] o.s.s.c.a.web.builders.WebSecurity       : You are asking Spring Security to ignore Mvc [pattern='/images/**']. This is not recommended -- please use permitAll via HttpSecurity#authorizeHttpRequests instead.
2024-04-02T13:10:03.769+07:00  INFO 5244 --- [restartedMain] o.s.s.web.DefaultSecurityFilterChain     : Will not secure Mvc [pattern='/images/**']
2024-04-02T13:10:03.770+07:00  WARN 5244 --- [restartedMain] o.s.s.c.a.web.builders.WebSecurity       : You are asking Spring Security to ignore Mvc [pattern='/js/**']. This is not recommended -- please use permitAll via HttpSecurity#authorizeHttpRequests instead.
2024-04-02T13:10:03.770+07:00  INFO 5244 --- [restartedMain] o.s.s.web.DefaultSecurityFilterChain     : Will not secure Mvc [pattern='/js/**']
2024-04-02T13:10:03.770+07:00  WARN 5244 --- [restartedMain] o.s.s.c.a.web.builders.WebSecurity       : You are asking Spring Security to ignore Mvc [pattern='/webjars/**']. This is not recommended -- please use permitAll via HttpSecurity#authorizeHttpRequests instead.
2024-04-02T13:10:03.770+07:00  INFO 5244 --- [restartedMain] o.s.s.web.DefaultSecurityFilterChain     : Will not secure Mvc [pattern='/webjars/**']
2024-04-02T13:10:04.136+07:00  INFO 5244 --- [restartedMain] o.s.b.d.a.OptionalLiveReloadServer       : LiveReload server is running on port 35729
2024-04-02T13:10:04.188+07:00  INFO 5244 --- [restartedMain] o.s.b.w.embedded.tomcat.TomcatWebServer  : Tomcat started on port 8080 (http) with context path '/ShopmeAdmin'
2024-04-02T13:10:04.196+07:00  INFO 5244 --- [restartedMain] c.shopme.admin.ShopmeBackEndApplication  : Started ShopmeBackEndApplication in 7.707 seconds (process running for 8.783)
2024-04-02T13:10:08.199+07:00  INFO 5244 --- [http-nio-8080-exec-2] o.a.c.c.C.[.[localhost].[/ShopmeAdmin]   : Initializing Spring DispatcherServlet 'dispatcherServlet'
2024-04-02T13:10:08.199+07:00  INFO 5244 --- [http-nio-8080-exec-2] o.s.web.servlet.DispatcherServlet        : Initializing Servlet 'dispatcherServlet'
2024-04-02T13:10:08.201+07:00  INFO 5244 --- [http-nio-8080-exec-2] o.s.web.servlet.DispatcherServlet        : Completed initialization in 2 ms
2024-04-02T13:10:08.210+07:00  WARN 5244 --- [http-nio-8080-exec-2] o.s.w.s.h.HandlerMappingIntrospector     : Cache miss for REQUEST dispatch to '/ShopmeAdmin/' (previous null). Performing MatchableHandlerMapping lookup. This is logged once only at WARN level, and every time at TRACE.
2024-04-02T13:10:08.235+07:00  WARN 5244 --- [http-nio-8080-exec-2] o.s.w.s.h.HandlerMappingIntrospector     : Cache miss for REQUEST dispatch to '/ShopmeAdmin/' (previous null). Performing CorsConfiguration lookup. This is logged once only at WARN level, and every time at TRACE.
2024-04-02T13:12:06.105+07:00 ERROR 5244 --- [http-nio-8080-exec-4] com.shopme.admin.FileUploadUtil          : Could not list directory: user-photos\35
2024-04-02T13:38:12.817+07:00  INFO 5244 --- [File Watcher] rtingClassPathChangeChangedEventListener : Restarting due to 1 class path change (0 additions, 0 deletions, 1 modification)
2024-04-02T13:38:12.831+07:00  INFO 5244 --- [Thread-5] j.LocalContainerEntityManagerFactoryBean : Closing JPA EntityManagerFactory for persistence unit 'default'
2024-04-02T13:38:12.835+07:00  INFO 5244 --- [Thread-5] com.zaxxer.hikari.HikariDataSource       : HikariPool-1 - Shutdown initiated...
2024-04-02T13:38:12.852+07:00  INFO 5244 --- [Thread-5] com.zaxxer.hikari.HikariDataSource       : HikariPool-1 - Shutdown completed.
