2024-04-02T12:54:53.928+07:00  INFO 29476 --- [restartedMain] c.shopme.admin.ShopmeBackEndApplication  : Starting ShopmeBackEndApplication using Java 21.0.1 with PID 29476 (D:\Study\Code\ShopmeProject\shopme\ShopmeWebParent\ShopmeBackEnd\target\classes started by Admin in D:\Study\Code\ShopmeProject\shopme\ShopmeWebParent\ShopmeBackEnd)
2024-04-02T12:54:53.928+07:00  INFO 29476 --- [restartedMain] c.shopme.admin.ShopmeBackEndApplication  : No active profile set, falling back to 1 default profile: "default"
2024-04-02T12:54:54.308+07:00  INFO 29476 --- [restartedMain] .s.d.r.c.RepositoryConfigurationDelegate : Bootstrapping Spring Data JPA repositories in DEFAULT mode.
2024-04-02T12:54:54.332+07:00  INFO 29476 --- [restartedMain] .s.d.r.c.RepositoryConfigurationDelegate : Finished Spring Data repository scanning in 23 ms. Found 2 JPA repository interfaces.
2024-04-02T12:54:54.476+07:00  INFO 29476 --- [restartedMain] o.s.b.w.embedded.tomcat.TomcatWebServer  : Tomcat initialized with port 8080 (http)
2024-04-02T12:54:54.478+07:00  INFO 29476 --- [restartedMain] o.apache.catalina.core.StandardService   : Starting service [Tomcat]
2024-04-02T12:54:54.478+07:00  INFO 29476 --- [restartedMain] o.apache.catalina.core.StandardEngine    : Starting Servlet engine: [Apache Tomcat/10.1.16]
2024-04-02T12:54:54.493+07:00  INFO 29476 --- [restartedMain] o.a.c.c.C.[.[localhost].[/ShopmeAdmin]   : Initializing Spring embedded WebApplicationContext
2024-04-02T12:54:54.493+07:00  INFO 29476 --- [restartedMain] w.s.c.ServletWebServerApplicationContext : Root WebApplicationContext: initialization completed in 561 ms
2024-04-02T12:54:54.536+07:00  INFO 29476 --- [restartedMain] o.hibernate.jpa.internal.util.LogHelper  : HHH000204: Processing PersistenceUnitInfo [name: default]
2024-04-02T12:54:54.541+07:00  INFO 29476 --- [restartedMain] o.h.c.internal.RegionFactoryInitiator    : HHH000026: Second-level cache disabled
2024-04-02T12:54:54.546+07:00  INFO 29476 --- [restartedMain] o.s.o.j.p.SpringPersistenceUnitInfo      : No LoadTimeWeaver setup: ignoring JPA class transformer
2024-04-02T12:54:54.547+07:00  INFO 29476 --- [restartedMain] com.zaxxer.hikari.HikariDataSource       : HikariPool-6 - Starting...
2024-04-02T12:54:54.559+07:00  INFO 29476 --- [restartedMain] com.zaxxer.hikari.pool.HikariPool        : HikariPool-6 - Added connection com.mysql.cj.jdbc.ConnectionImpl@26b9f17c
2024-04-02T12:54:54.559+07:00  INFO 29476 --- [restartedMain] com.zaxxer.hikari.HikariDataSource       : HikariPool-6 - Start completed.
2024-04-02T12:54:54.560+07:00  WARN 29476 --- [restartedMain] org.hibernate.orm.deprecation            : HHH90000025: MySQL8Dialect does not need to be specified explicitly using 'hibernate.dialect' (remove the property setting and it will be selected by default)
2024-04-02T12:54:54.560+07:00  WARN 29476 --- [restartedMain] org.hibernate.orm.deprecation            : HHH90000026: MySQL8Dialect has been deprecated; use org.hibernate.dialect.MySQLDialect instead
2024-04-02T12:54:54.601+07:00  INFO 29476 --- [restartedMain] o.h.e.t.j.p.i.JtaPlatformInitiator       : HHH000489: No JTA platform available (set 'hibernate.transaction.jta.platform' to enable JTA platform integration)
2024-04-02T12:54:54.622+07:00  INFO 29476 --- [restartedMain] j.LocalContainerEntityManagerFactoryBean : Initialized JPA EntityManagerFactory for persistence unit 'default'
2024-04-02T12:54:54.718+07:00  WARN 29476 --- [restartedMain] JpaBaseConfiguration$JpaWebConfiguration : spring.jpa.open-in-view is enabled by default. Therefore, database queries may be performed during view rendering. Explicitly configure spring.jpa.open-in-view to disable this warning
2024-04-02T12:54:54.740+07:00  INFO 29476 --- [restartedMain] o.s.b.a.w.s.WelcomePageHandlerMapping    : Adding welcome page template: index
2024-04-02T12:54:54.935+07:00  INFO 29476 --- [restartedMain] o.s.s.web.DefaultSecurityFilterChain     : Will secure any request with [org.springframework.security.web.session.DisableEncodeUrlFilter@71936add, org.springframework.security.web.context.request.async.WebAsyncManagerIntegrationFilter@189e59a6, org.springframework.security.web.context.SecurityContextHolderFilter@e24dbe6, org.springframework.security.web.header.HeaderWriterFilter@11d08680, org.springframework.web.filter.CorsFilter@44fe0b35, org.springframework.security.web.csrf.CsrfFilter@46f9ab3a, org.springframework.security.web.authentication.logout.LogoutFilter@278f8067, org.springframework.security.web.authentication.UsernamePasswordAuthenticationFilter@441305ed, org.springframework.security.web.savedrequest.RequestCacheAwareFilter@58f1163, org.springframework.security.web.servletapi.SecurityContextHolderAwareRequestFilter@1aade0c2, org.springframework.security.web.authentication.rememberme.RememberMeAuthenticationFilter@1fc429b0, org.springframework.security.web.authentication.AnonymousAuthenticationFilter@7ac923b3, org.springframework.security.web.access.ExceptionTranslationFilter@665f3c4c, org.springframework.security.web.access.intercept.AuthorizationFilter@2fa8c980]
2024-04-02T12:54:54.937+07:00  WARN 29476 --- [restartedMain] o.s.s.c.a.web.builders.WebSecurity       : You are asking Spring Security to ignore Mvc [pattern='/images/**']. This is not recommended -- please use permitAll via HttpSecurity#authorizeHttpRequests instead.
2024-04-02T12:54:54.937+07:00  INFO 29476 --- [restartedMain] o.s.s.web.DefaultSecurityFilterChain     : Will not secure Mvc [pattern='/images/**']
2024-04-02T12:54:54.937+07:00  WARN 29476 --- [restartedMain] o.s.s.c.a.web.builders.WebSecurity       : You are asking Spring Security to ignore Mvc [pattern='/js/**']. This is not recommended -- please use permitAll via HttpSecurity#authorizeHttpRequests instead.
2024-04-02T12:54:54.937+07:00  INFO 29476 --- [restartedMain] o.s.s.web.DefaultSecurityFilterChain     : Will not secure Mvc [pattern='/js/**']
2024-04-02T12:54:54.937+07:00  WARN 29476 --- [restartedMain] o.s.s.c.a.web.builders.WebSecurity       : You are asking Spring Security to ignore Mvc [pattern='/webjars/**']. This is not recommended -- please use permitAll via HttpSecurity#authorizeHttpRequests instead.
2024-04-02T12:54:54.937+07:00  INFO 29476 --- [restartedMain] o.s.s.web.DefaultSecurityFilterChain     : Will not secure Mvc [pattern='/webjars/**']
2024-04-02T12:54:54.984+07:00  INFO 29476 --- [restartedMain] o.s.b.d.a.OptionalLiveReloadServer       : LiveReload server is running on port 35729
2024-04-02T12:54:54.994+07:00  INFO 29476 --- [restartedMain] o.s.b.w.embedded.tomcat.TomcatWebServer  : Tomcat started on port 8080 (http) with context path '/ShopmeAdmin'
2024-04-02T12:54:54.996+07:00  INFO 29476 --- [restartedMain] c.shopme.admin.ShopmeBackEndApplication  : Started ShopmeBackEndApplication in 1.131 seconds (process running for 90.141)
2024-04-02T12:54:54.997+07:00  INFO 29476 --- [restartedMain] .ConditionEvaluationDeltaLoggingListener : Condition evaluation unchanged
2024-04-02T12:56:23.663+07:00  INFO 29476 --- [SpringApplicationShutdownHook] j.LocalContainerEntityManagerFactoryBean : Closing JPA EntityManagerFactory for persistence unit 'default'
2024-04-02T12:56:23.663+07:00  INFO 29476 --- [SpringApplicationShutdownHook] com.zaxxer.hikari.HikariDataSource       : HikariPool-6 - Shutdown initiated...
2024-04-02T12:56:23.669+07:00  INFO 29476 --- [SpringApplicationShutdownHook] com.zaxxer.hikari.HikariDataSource       : HikariPool-6 - Shutdown completed.
2024-04-02T12:56:27.112+07:00  INFO 21112 --- [restartedMain] c.shopme.admin.ShopmeBackEndApplication  : Starting ShopmeBackEndApplication using Java 21.0.1 with PID 21112 (D:\Study\Code\ShopmeProject\shopme\ShopmeWebParent\ShopmeBackEnd\target\classes started by Admin in D:\Study\Code\ShopmeProject\shopme\ShopmeWebParent\ShopmeBackEnd)
2024-04-02T12:56:27.114+07:00  INFO 21112 --- [restartedMain] c.shopme.admin.ShopmeBackEndApplication  : No active profile set, falling back to 1 default profile: "default"
2024-04-02T12:56:27.172+07:00  INFO 21112 --- [restartedMain] .e.DevToolsPropertyDefaultsPostProcessor : Devtools property defaults active! Set 'spring.devtools.add-properties' to 'false' to disable
2024-04-02T12:56:27.179+07:00  INFO 21112 --- [restartedMain] .e.DevToolsPropertyDefaultsPostProcessor : For additional web related logging consider setting the 'logging.level.web' property to 'DEBUG'
2024-04-02T12:56:27.874+07:00  INFO 21112 --- [restartedMain] .s.d.r.c.RepositoryConfigurationDelegate : Bootstrapping Spring Data JPA repositories in DEFAULT mode.
2024-04-02T12:56:27.932+07:00  INFO 21112 --- [restartedMain] .s.d.r.c.RepositoryConfigurationDelegate : Finished Spring Data repository scanning in 51 ms. Found 2 JPA repository interfaces.
2024-04-02T12:56:28.479+07:00  INFO 21112 --- [restartedMain] o.s.b.w.embedded.tomcat.TomcatWebServer  : Tomcat initialized with port 8080 (http)
2024-04-02T12:56:28.489+07:00  INFO 21112 --- [restartedMain] o.apache.catalina.core.StandardService   : Starting service [Tomcat]
2024-04-02T12:56:28.489+07:00  INFO 21112 --- [restartedMain] o.apache.catalina.core.StandardEngine    : Starting Servlet engine: [Apache Tomcat/10.1.16]
2024-04-02T12:56:28.540+07:00  INFO 21112 --- [restartedMain] o.a.c.c.C.[.[localhost].[/ShopmeAdmin]   : Initializing Spring embedded WebApplicationContext
2024-04-02T12:56:28.540+07:00  INFO 21112 --- [restartedMain] w.s.c.ServletWebServerApplicationContext : Root WebApplicationContext: initialization completed in 1360 ms
2024-04-02T12:56:28.684+07:00  INFO 21112 --- [restartedMain] o.hibernate.jpa.internal.util.LogHelper  : HHH000204: Processing PersistenceUnitInfo [name: default]
2024-04-02T12:56:28.739+07:00  INFO 21112 --- [restartedMain] org.hibernate.Version                    : HHH000412: Hibernate ORM core version 6.3.1.Final
2024-04-02T12:56:28.772+07:00  INFO 21112 --- [restartedMain] o.h.c.internal.RegionFactoryInitiator    : HHH000026: Second-level cache disabled
2024-04-02T12:56:29.005+07:00  INFO 21112 --- [restartedMain] o.s.o.j.p.SpringPersistenceUnitInfo      : No LoadTimeWeaver setup: ignoring JPA class transformer
2024-04-02T12:56:29.038+07:00  INFO 21112 --- [restartedMain] com.zaxxer.hikari.HikariDataSource       : HikariPool-1 - Starting...
2024-04-02T12:56:29.339+07:00  INFO 21112 --- [restartedMain] com.zaxxer.hikari.pool.HikariPool        : HikariPool-1 - Added connection com.mysql.cj.jdbc.ConnectionImpl@d0d9277
2024-04-02T12:56:29.341+07:00  INFO 21112 --- [restartedMain] com.zaxxer.hikari.HikariDataSource       : HikariPool-1 - Start completed.
2024-04-02T12:56:29.387+07:00  WARN 21112 --- [restartedMain] org.hibernate.orm.deprecation            : HHH90000025: MySQL8Dialect does not need to be specified explicitly using 'hibernate.dialect' (remove the property setting and it will be selected by default)
2024-04-02T12:56:29.388+07:00  WARN 21112 --- [restartedMain] org.hibernate.orm.deprecation            : HHH90000026: MySQL8Dialect has been deprecated; use org.hibernate.dialect.MySQLDialect instead
2024-04-02T12:56:30.375+07:00  INFO 21112 --- [restartedMain] o.h.e.t.j.p.i.JtaPlatformInitiator       : HHH000489: No JTA platform available (set 'hibernate.transaction.jta.platform' to enable JTA platform integration)
2024-04-02T12:56:30.450+07:00  INFO 21112 --- [restartedMain] j.LocalContainerEntityManagerFactoryBean : Initialized JPA EntityManagerFactory for persistence unit 'default'
2024-04-02T12:56:30.728+07:00  INFO 21112 --- [restartedMain] o.s.d.j.r.query.QueryEnhancerFactory     : Hibernate is in classpath; If applicable, HQL parser will be used.
2024-04-02T12:56:31.405+07:00  WARN 21112 --- [restartedMain] JpaBaseConfiguration$JpaWebConfiguration : spring.jpa.open-in-view is enabled by default. Therefore, database queries may be performed during view rendering. Explicitly configure spring.jpa.open-in-view to disable this warning
2024-04-02T12:56:31.513+07:00  INFO 21112 --- [restartedMain] o.s.b.a.w.s.WelcomePageHandlerMapping    : Adding welcome page template: index
2024-04-02T12:56:32.036+07:00  INFO 21112 --- [restartedMain] o.s.s.web.DefaultSecurityFilterChain     : Will secure any request with [org.springframework.security.web.session.DisableEncodeUrlFilter@6a5221da, org.springframework.security.web.context.request.async.WebAsyncManagerIntegrationFilter@1a6422c6, org.springframework.security.web.context.SecurityContextHolderFilter@335c8368, org.springframework.security.web.header.HeaderWriterFilter@5615e76a, org.springframework.web.filter.CorsFilter@4be2b7db, org.springframework.security.web.csrf.CsrfFilter@54ee89bd, org.springframework.security.web.authentication.logout.LogoutFilter@42406bc6, org.springframework.security.web.authentication.UsernamePasswordAuthenticationFilter@16627a57, org.springframework.security.web.savedrequest.RequestCacheAwareFilter@65b01261, org.springframework.security.web.servletapi.SecurityContextHolderAwareRequestFilter@537aaec0, org.springframework.security.web.authentication.rememberme.RememberMeAuthenticationFilter@2b5f5100, org.springframework.security.web.authentication.AnonymousAuthenticationFilter@1e257a42, org.springframework.security.web.access.ExceptionTranslationFilter@3ff5aec9, org.springframework.security.web.access.intercept.AuthorizationFilter@284d962e]
2024-04-02T12:56:32.040+07:00  WARN 21112 --- [restartedMain] o.s.s.c.a.web.builders.WebSecurity       : You are asking Spring Security to ignore Mvc [pattern='/images/**']. This is not recommended -- please use permitAll via HttpSecurity#authorizeHttpRequests instead.
2024-04-02T12:56:32.040+07:00  INFO 21112 --- [restartedMain] o.s.s.web.DefaultSecurityFilterChain     : Will not secure Mvc [pattern='/images/**']
2024-04-02T12:56:32.040+07:00  WARN 21112 --- [restartedMain] o.s.s.c.a.web.builders.WebSecurity       : You are asking Spring Security to ignore Mvc [pattern='/js/**']. This is not recommended -- please use permitAll via HttpSecurity#authorizeHttpRequests instead.
2024-04-02T12:56:32.040+07:00  INFO 21112 --- [restartedMain] o.s.s.web.DefaultSecurityFilterChain     : Will not secure Mvc [pattern='/js/**']
2024-04-02T12:56:32.040+07:00  WARN 21112 --- [restartedMain] o.s.s.c.a.web.builders.WebSecurity       : You are asking Spring Security to ignore Mvc [pattern='/webjars/**']. This is not recommended -- please use permitAll via HttpSecurity#authorizeHttpRequests instead.
2024-04-02T12:56:32.040+07:00  INFO 21112 --- [restartedMain] o.s.s.web.DefaultSecurityFilterChain     : Will not secure Mvc [pattern='/webjars/**']
2024-04-02T12:56:32.292+07:00  INFO 21112 --- [restartedMain] o.s.b.d.a.OptionalLiveReloadServer       : LiveReload server is running on port 35729
2024-04-02T12:56:32.334+07:00  INFO 21112 --- [restartedMain] o.s.b.w.embedded.tomcat.TomcatWebServer  : Tomcat started on port 8080 (http) with context path '/ShopmeAdmin'
2024-04-02T12:56:32.340+07:00  INFO 21112 --- [restartedMain] c.shopme.admin.ShopmeBackEndApplication  : Started ShopmeBackEndApplication in 5.691 seconds (process running for 6.566)
2024-04-02T13:02:09.432+07:00  INFO 21112 --- [File Watcher] rtingClassPathChangeChangedEventListener : Restarting due to 1 class path change (0 additions, 0 deletions, 1 modification)
2024-04-02T13:02:09.444+07:00  INFO 21112 --- [Thread-5] j.LocalContainerEntityManagerFactoryBean : Closing JPA EntityManagerFactory for persistence unit 'default'
2024-04-02T13:02:09.448+07:00  INFO 21112 --- [Thread-5] com.zaxxer.hikari.HikariDataSource       : HikariPool-1 - Shutdown initiated...
2024-04-02T13:02:09.457+07:00  INFO 21112 --- [Thread-5] com.zaxxer.hikari.HikariDataSource       : HikariPool-1 - Shutdown completed.
2024-04-02T13:02:09.549+07:00  INFO 21112 --- [restartedMain] c.shopme.admin.ShopmeBackEndApplication  : Starting ShopmeBackEndApplication using Java 21.0.1 with PID 21112 (D:\Study\Code\ShopmeProject\shopme\ShopmeWebParent\ShopmeBackEnd\target\classes started by Admin in D:\Study\Code\ShopmeProject\shopme\ShopmeWebParent\ShopmeBackEnd)
2024-04-02T13:02:09.549+07:00  INFO 21112 --- [restartedMain] c.shopme.admin.ShopmeBackEndApplication  : No active profile set, falling back to 1 default profile: "default"
2024-04-02T13:02:09.821+07:00  INFO 21112 --- [restartedMain] .s.d.r.c.RepositoryConfigurationDelegate : Bootstrapping Spring Data JPA repositories in DEFAULT mode.
2024-04-02T13:02:09.836+07:00  INFO 21112 --- [restartedMain] .s.d.r.c.RepositoryConfigurationDelegate : Finished Spring Data repository scanning in 14 ms. Found 2 JPA repository interfaces.
2024-04-02T13:02:09.971+07:00  INFO 21112 --- [restartedMain] o.s.b.w.embedded.tomcat.TomcatWebServer  : Tomcat initialized with port 8080 (http)
2024-04-02T13:02:09.972+07:00  INFO 21112 --- [restartedMain] o.apache.catalina.core.StandardService   : Starting service [Tomcat]
2024-04-02T13:02:09.972+07:00  INFO 21112 --- [restartedMain] o.apache.catalina.core.StandardEngine    : Starting Servlet engine: [Apache Tomcat/10.1.16]
2024-04-02T13:02:09.987+07:00  INFO 21112 --- [restartedMain] o.a.c.c.C.[.[localhost].[/ShopmeAdmin]   : Initializing Spring embedded WebApplicationContext
2024-04-02T13:02:09.987+07:00  INFO 21112 --- [restartedMain] w.s.c.ServletWebServerApplicationContext : Root WebApplicationContext: initialization completed in 435 ms
2024-04-02T13:02:10.023+07:00  INFO 21112 --- [restartedMain] o.hibernate.jpa.internal.util.LogHelper  : HHH000204: Processing PersistenceUnitInfo [name: default]
2024-04-02T13:02:10.025+07:00  INFO 21112 --- [restartedMain] o.h.c.internal.RegionFactoryInitiator    : HHH000026: Second-level cache disabled
2024-04-02T13:02:10.030+07:00  INFO 21112 --- [restartedMain] o.s.o.j.p.SpringPersistenceUnitInfo      : No LoadTimeWeaver setup: ignoring JPA class transformer
2024-04-02T13:02:10.031+07:00  INFO 21112 --- [restartedMain] com.zaxxer.hikari.HikariDataSource       : HikariPool-2 - Starting...
2024-04-02T13:02:10.045+07:00  INFO 21112 --- [restartedMain] com.zaxxer.hikari.pool.HikariPool        : HikariPool-2 - Added connection com.mysql.cj.jdbc.ConnectionImpl@4b8c4409
2024-04-02T13:02:10.045+07:00  INFO 21112 --- [restartedMain] com.zaxxer.hikari.HikariDataSource       : HikariPool-2 - Start completed.
2024-04-02T13:02:10.046+07:00  WARN 21112 --- [restartedMain] org.hibernate.orm.deprecation            : HHH90000025: MySQL8Dialect does not need to be specified explicitly using 'hibernate.dialect' (remove the property setting and it will be selected by default)
2024-04-02T13:02:10.046+07:00  WARN 21112 --- [restartedMain] org.hibernate.orm.deprecation            : HHH90000026: MySQL8Dialect has been deprecated; use org.hibernate.dialect.MySQLDialect instead
2024-04-02T13:02:10.088+07:00  INFO 21112 --- [restartedMain] o.h.e.t.j.p.i.JtaPlatformInitiator       : HHH000489: No JTA platform available (set 'hibernate.transaction.jta.platform' to enable JTA platform integration)
2024-04-02T13:02:10.108+07:00  INFO 21112 --- [restartedMain] j.LocalContainerEntityManagerFactoryBean : Initialized JPA EntityManagerFactory for persistence unit 'default'
2024-04-02T13:02:10.219+07:00  WARN 21112 --- [restartedMain] JpaBaseConfiguration$JpaWebConfiguration : spring.jpa.open-in-view is enabled by default. Therefore, database queries may be performed during view rendering. Explicitly configure spring.jpa.open-in-view to disable this warning
2024-04-02T13:02:10.244+07:00  INFO 21112 --- [restartedMain] o.s.b.a.w.s.WelcomePageHandlerMapping    : Adding welcome page template: index
2024-04-02T13:02:10.506+07:00  INFO 21112 --- [restartedMain] o.s.s.web.DefaultSecurityFilterChain     : Will secure any request with [org.springframework.security.web.session.DisableEncodeUrlFilter@2bcc69c0, org.springframework.security.web.context.request.async.WebAsyncManagerIntegrationFilter@66ac5a4f, org.springframework.security.web.context.SecurityContextHolderFilter@5f7fa07e, org.springframework.security.web.header.HeaderWriterFilter@9127fde, org.springframework.web.filter.CorsFilter@756f7965, org.springframework.security.web.csrf.CsrfFilter@4bd4300, org.springframework.security.web.authentication.logout.LogoutFilter@4ed666a3, org.springframework.security.web.authentication.UsernamePasswordAuthenticationFilter@742cef90, org.springframework.security.web.savedrequest.RequestCacheAwareFilter@31344dd2, org.springframework.security.web.servletapi.SecurityContextHolderAwareRequestFilter@767e3a92, org.springframework.security.web.authentication.rememberme.RememberMeAuthenticationFilter@9b26cc8, org.springframework.security.web.authentication.AnonymousAuthenticationFilter@6fa18f2c, org.springframework.security.web.access.ExceptionTranslationFilter@2eed3c0a, org.springframework.security.web.access.intercept.AuthorizationFilter@5a32e3fd]
2024-04-02T13:02:10.509+07:00  WARN 21112 --- [restartedMain] o.s.s.c.a.web.builders.WebSecurity       : You are asking Spring Security to ignore Mvc [pattern='/images/**']. This is not recommended -- please use permitAll via HttpSecurity#authorizeHttpRequests instead.
2024-04-02T13:02:10.510+07:00  INFO 21112 --- [restartedMain] o.s.s.web.DefaultSecurityFilterChain     : Will not secure Mvc [pattern='/images/**']
2024-04-02T13:02:10.510+07:00  WARN 21112 --- [restartedMain] o.s.s.c.a.web.builders.WebSecurity       : You are asking Spring Security to ignore Mvc [pattern='/js/**']. This is not recommended -- please use permitAll via HttpSecurity#authorizeHttpRequests instead.
2024-04-02T13:02:10.510+07:00  INFO 21112 --- [restartedMain] o.s.s.web.DefaultSecurityFilterChain     : Will not secure Mvc [pattern='/js/**']
2024-04-02T13:02:10.510+07:00  WARN 21112 --- [restartedMain] o.s.s.c.a.web.builders.WebSecurity       : You are asking Spring Security to ignore Mvc [pattern='/webjars/**']. This is not recommended -- please use permitAll via HttpSecurity#authorizeHttpRequests instead.
2024-04-02T13:02:10.510+07:00  INFO 21112 --- [restartedMain] o.s.s.web.DefaultSecurityFilterChain     : Will not secure Mvc [pattern='/webjars/**']
2024-04-02T13:02:10.593+07:00  INFO 21112 --- [restartedMain] o.s.b.d.a.OptionalLiveReloadServer       : LiveReload server is running on port 35729
2024-04-02T13:02:10.621+07:00  INFO 21112 --- [restartedMain] o.s.b.w.embedded.tomcat.TomcatWebServer  : Tomcat started on port 8080 (http) with context path '/ShopmeAdmin'
2024-04-02T13:02:10.625+07:00  INFO 21112 --- [restartedMain] c.shopme.admin.ShopmeBackEndApplication  : Started ShopmeBackEndApplication in 1.107 seconds (process running for 344.851)
2024-04-02T13:02:10.627+07:00  INFO 21112 --- [restartedMain] .ConditionEvaluationDeltaLoggingListener : Condition evaluation unchanged
2024-04-02T13:02:12.354+07:00  INFO 21112 --- [SpringApplicationShutdownHook] j.LocalContainerEntityManagerFactoryBean : Closing JPA EntityManagerFactory for persistence unit 'default'
2024-04-02T13:02:12.356+07:00  INFO 21112 --- [SpringApplicationShutdownHook] com.zaxxer.hikari.HikariDataSource       : HikariPool-2 - Shutdown initiated...
2024-04-02T13:02:12.360+07:00  INFO 21112 --- [SpringApplicationShutdownHook] com.zaxxer.hikari.HikariDataSource       : HikariPool-2 - Shutdown completed.
2024-04-02T13:03:59.209+07:00  INFO 17808 --- [restartedMain] c.shopme.admin.ShopmeBackEndApplication  : Starting ShopmeBackEndApplication using Java 21.0.1 with PID 17808 (D:\Study\Code\ShopmeProject\shopme\ShopmeWebParent\ShopmeBackEnd\target\classes started by Admin in D:\Study\Code\ShopmeProject\shopme\ShopmeWebParent\ShopmeBackEnd)
2024-04-02T13:03:59.211+07:00  INFO 17808 --- [restartedMain] c.shopme.admin.ShopmeBackEndApplication  : No active profile set, falling back to 1 default profile: "default"
2024-04-02T13:03:59.268+07:00  INFO 17808 --- [restartedMain] .e.DevToolsPropertyDefaultsPostProcessor : Devtools property defaults active! Set 'spring.devtools.add-properties' to 'false' to disable
2024-04-02T13:03:59.268+07:00  INFO 17808 --- [restartedMain] .e.DevToolsPropertyDefaultsPostProcessor : For additional web related logging consider setting the 'logging.level.web' property to 'DEBUG'
2024-04-02T13:04:00.105+07:00  INFO 17808 --- [restartedMain] .s.d.r.c.RepositoryConfigurationDelegate : Bootstrapping Spring Data JPA repositories in DEFAULT mode.
2024-04-02T13:04:00.187+07:00  INFO 17808 --- [restartedMain] .s.d.r.c.RepositoryConfigurationDelegate : Finished Spring Data repository scanning in 70 ms. Found 2 JPA repository interfaces.
2024-04-02T13:04:00.897+07:00  INFO 17808 --- [restartedMain] o.s.b.w.embedded.tomcat.TomcatWebServer  : Tomcat initialized with port 8080 (http)
2024-04-02T13:04:00.907+07:00  INFO 17808 --- [restartedMain] o.apache.catalina.core.StandardService   : Starting service [Tomcat]
2024-04-02T13:04:00.908+07:00  INFO 17808 --- [restartedMain] o.apache.catalina.core.StandardEngine    : Starting Servlet engine: [Apache Tomcat/10.1.16]
2024-04-02T13:04:00.975+07:00  INFO 17808 --- [restartedMain] o.a.c.c.C.[.[localhost].[/ShopmeAdmin]   : Initializing Spring embedded WebApplicationContext
2024-04-02T13:04:00.976+07:00  INFO 17808 --- [restartedMain] w.s.c.ServletWebServerApplicationContext : Root WebApplicationContext: initialization completed in 1707 ms
2024-04-02T13:04:01.216+07:00  INFO 17808 --- [restartedMain] o.hibernate.jpa.internal.util.LogHelper  : HHH000204: Processing PersistenceUnitInfo [name: default]
2024-04-02T13:04:01.289+07:00  INFO 17808 --- [restartedMain] org.hibernate.Version                    : HHH000412: Hibernate ORM core version 6.3.1.Final
2024-04-02T13:04:01.332+07:00  INFO 17808 --- [restartedMain] o.h.c.internal.RegionFactoryInitiator    : HHH000026: Second-level cache disabled
2024-04-02T13:04:01.631+07:00  INFO 17808 --- [restartedMain] o.s.o.j.p.SpringPersistenceUnitInfo      : No LoadTimeWeaver setup: ignoring JPA class transformer
2024-04-02T13:04:01.664+07:00  INFO 17808 --- [restartedMain] com.zaxxer.hikari.HikariDataSource       : HikariPool-1 - Starting...
2024-04-02T13:04:01.966+07:00  INFO 17808 --- [restartedMain] com.zaxxer.hikari.pool.HikariPool        : HikariPool-1 - Added connection com.mysql.cj.jdbc.ConnectionImpl@33841048
2024-04-02T13:04:01.968+07:00  INFO 17808 --- [restartedMain] com.zaxxer.hikari.HikariDataSource       : HikariPool-1 - Start completed.
2024-04-02T13:04:02.007+07:00  WARN 17808 --- [restartedMain] org.hibernate.orm.deprecation            : HHH90000025: MySQL8Dialect does not need to be specified explicitly using 'hibernate.dialect' (remove the property setting and it will be selected by default)
2024-04-02T13:04:02.008+07:00  WARN 17808 --- [restartedMain] org.hibernate.orm.deprecation            : HHH90000026: MySQL8Dialect has been deprecated; use org.hibernate.dialect.MySQLDialect instead
2024-04-02T13:04:02.878+07:00  INFO 17808 --- [restartedMain] o.h.e.t.j.p.i.JtaPlatformInitiator       : HHH000489: No JTA platform available (set 'hibernate.transaction.jta.platform' to enable JTA platform integration)
2024-04-02T13:04:02.954+07:00  INFO 17808 --- [restartedMain] j.LocalContainerEntityManagerFactoryBean : Initialized JPA EntityManagerFactory for persistence unit 'default'
2024-04-02T13:04:03.182+07:00  INFO 17808 --- [restartedMain] o.s.d.j.r.query.QueryEnhancerFactory     : Hibernate is in classpath; If applicable, HQL parser will be used.
2024-04-02T13:04:03.788+07:00  WARN 17808 --- [restartedMain] JpaBaseConfiguration$JpaWebConfiguration : spring.jpa.open-in-view is enabled by default. Therefore, database queries may be performed during view rendering. Explicitly configure spring.jpa.open-in-view to disable this warning
2024-04-02T13:04:03.894+07:00  INFO 17808 --- [restartedMain] o.s.b.a.w.s.WelcomePageHandlerMapping    : Adding welcome page template: index
2024-04-02T13:04:04.334+07:00  INFO 17808 --- [restartedMain] o.s.s.web.DefaultSecurityFilterChain     : Will secure any request with [org.springframework.security.web.session.DisableEncodeUrlFilter@3308ea70, org.springframework.security.web.context.request.async.WebAsyncManagerIntegrationFilter@5ae49d73, org.springframework.security.web.context.SecurityContextHolderFilter@3c52a58c, org.springframework.security.web.header.HeaderWriterFilter@6fd323b4, org.springframework.web.filter.CorsFilter@2ff45b05, org.springframework.security.web.csrf.CsrfFilter@7ff10fe1, org.springframework.security.web.authentication.logout.LogoutFilter@4d1a3759, org.springframework.security.web.authentication.UsernamePasswordAuthenticationFilter@2ba6d7e2, org.springframework.security.web.savedrequest.RequestCacheAwareFilter@345e7128, org.springframework.security.web.servletapi.SecurityContextHolderAwareRequestFilter@703e272d, org.springframework.security.web.authentication.rememberme.RememberMeAuthenticationFilter@5c253802, org.springframework.security.web.authentication.AnonymousAuthenticationFilter@603b5ffe, org.springframework.security.web.access.ExceptionTranslationFilter@1ce17275, org.springframework.security.web.access.intercept.AuthorizationFilter@5a5511db]
2024-04-02T13:04:04.338+07:00  WARN 17808 --- [restartedMain] o.s.s.c.a.web.builders.WebSecurity       : You are asking Spring Security to ignore Mvc [pattern='/images/**']. This is not recommended -- please use permitAll via HttpSecurity#authorizeHttpRequests instead.
2024-04-02T13:04:04.338+07:00  INFO 17808 --- [restartedMain] o.s.s.web.DefaultSecurityFilterChain     : Will not secure Mvc [pattern='/images/**']
2024-04-02T13:04:04.338+07:00  WARN 17808 --- [restartedMain] o.s.s.c.a.web.builders.WebSecurity       : You are asking Spring Security to ignore Mvc [pattern='/js/**']. This is not recommended -- please use permitAll via HttpSecurity#authorizeHttpRequests instead.
2024-04-02T13:04:04.338+07:00  INFO 17808 --- [restartedMain] o.s.s.web.DefaultSecurityFilterChain     : Will not secure Mvc [pattern='/js/**']
2024-04-02T13:04:04.338+07:00  WARN 17808 --- [restartedMain] o.s.s.c.a.web.builders.WebSecurity       : You are asking Spring Security to ignore Mvc [pattern='/webjars/**']. This is not recommended -- please use permitAll via HttpSecurity#authorizeHttpRequests instead.
2024-04-02T13:04:04.338+07:00  INFO 17808 --- [restartedMain] o.s.s.web.DefaultSecurityFilterChain     : Will not secure Mvc [pattern='/webjars/**']
2024-04-02T13:04:04.574+07:00  INFO 17808 --- [restartedMain] o.s.b.d.a.OptionalLiveReloadServer       : LiveReload server is running on port 35729
2024-04-02T13:04:04.619+07:00  INFO 17808 --- [restartedMain] o.s.b.w.embedded.tomcat.TomcatWebServer  : Tomcat started on port 8080 (http) with context path '/ShopmeAdmin'
2024-04-02T13:04:04.626+07:00  INFO 17808 --- [restartedMain] c.shopme.admin.ShopmeBackEndApplication  : Started ShopmeBackEndApplication in 5.884 seconds (process running for 6.748)
